
ROM used: 6942 (21%)
          6942 (21%) including unused fragments

          1 Average locations per line
          4 Average locations per statement

RAM used: 504 (25%) at main() level
          657 (32%) worst case

Stack used: 12 worst case (out of 31 total available)

Lines Stmts  %   Files
----- ----- ---  -----
  428   168  11  main.c
   66     0   0  main.h
  462     0   0  ..\..\..\..\..\Program Files\PICC\devices\18F4550.h
  630   123   8  ..\..\..\..\..\Program Files\PICC\drivers\usb_cdc.h
  224     0   0  ..\..\..\..\..\Program Files\PICC\drivers\pic18_usb.h
  328     0   0  ..\..\..\..\..\Program Files\PICC\drivers\usb_hw_layer.h
  287     0   0  ..\..\..\..\..\Program Files\PICC\drivers\usb_desc_cdc.h
 1087     0   0  ..\..\..\..\..\Program Files\PICC\drivers\usb.h
  818   237  15  ..\..\..\..\..\Program Files\PICC\drivers\usb.c
 1377   320  20  ..\..\..\..\..\Program Files\PICC\drivers\pic18_usb.c
   28     0   0  ..\..\..\..\..\Program Files\PICC\drivers\ctype.h
 1273   359  23  ..\..\..\..\..\Program Files\PICC\drivers\stdlib.h
   32     0   0  ..\..\..\..\..\Program Files\PICC\drivers\stddef.h
  409   121   8  ..\..\..\..\..\Program Files\PICC\drivers\string.h
  409     0   0  ..\..\..\..\..\Program Files\PICC\drivers\STRING.H
 2220   257  16  ..\..\..\..\..\Program Files\PICC\drivers\math.h
----- -----
10078  1585 Total

Page ROM  %  RAM   Vol Diff  Functions:
---- --- --- ---   --- ----  ----------
0     42   0   1             @delay_ms1
0     28   0   1             @I2C_WRITEU_1
0     28   0   1             @I2C_READU_1
0     32   0   0             @const188
0     32   0   0             @const190
0     48   0   0             @const192
0     48   0   0             @const194
0     84   1   0             @const196
0     18   0   0             @const198
0     24   0   0             @const200
0     34   0   0             @const204
0     52   0   0             @const207
0     34   0   5             @MUL1616
0     86   1   4   139  4.3  usb_tbe
0    290   2   9  1092  5.4  usb_flush_in
0    166   1  10   344  6.1  usb_put_packet
0    252   2   9   914  5.0  usb_flush_out
0     68   0   3    66  2.7  usb_rx_packet_size
0    102   1   6   258  4.6  usb_stall_ep
0    100   1   6   266  4.6  usb_unstall_ep
0    118   1   5   373  6.0  usb_endpoint_stalled
0     26   0   1    94  2.7  usb_set_address
0    484   3  12  1774 10.4  usb_set_configured
0    112   1   5   199  3.2  usb_disable_endpoint
0     30   0   1    99  3.0  usb_disable_endpoints
0      4   0   0    48  2.9  usb_clear_trn
0    136   1   2   656  6.7  usb_isr
0      6   0   0    43  2.0  usb_isr_sof
0     42   0   0   357  4.2  usb_isr_rst
0     32   0   0   508  4.0  usb_init_ep0_setup
0      8   0   0    74  2.8  usb_isr_uerr
0     10   0   0    82  2.8  usb_isr_uidle
0     16   0   0   102  3.3  usb_isr_activity
0     14   0   0   151  3.9  usb_isr_stall
0      6   0   1    30  1.7  usb_request_send_response
0      6   0   0    22  1.2  usb_request_get_data
0      4   0   0    22  1.2  usb_request_stall
0    460   3   8  2041  7.9  usb_isr_tok_dne
0     46   0   3   248  4.0  usb_token_reset
0     80   1   3   274  5.9  usb_endpoint_is_valid
0     50   0   1   212  3.1  usb_isr_tok_in_dne
0     30   0   1   115  2.5  usb_isr_tok_out_dne
0     52   0   0   336  5.5  usb_isr_tok_setup_dne
0    184   1   0  1454  8.3  usb_isr_tkn_setup_StandardDevice
0    158   1   3   939  7.7  usb_isr_tkn_setup_StandardInterface
0    106   1   0   753  5.8  usb_isr_tkn_setup_StandardEndpoint
0    146   1   0  1088  8.7  usb_Get_Descriptor
0     14   0   0    76  1.8  usb_finish_set_address
0    118   1   4   591  8.6  usb_copy_desc_seg_to_ep
0    100   1   0   401  6.1  usb_isr_tok_out_cdc_control_dne
0    176   1   0  1146  8.3  usb_isr_tkn_cdc
0     28   0   0   174  3.6  usb_isr_tok_out_cdc_data_dne
0     10   0   0    30  1.5  usb_isr_tok_in_cdc_data_dne
0     34   0   0    86  2.1  usb_cdc_flush_out_buffer
0     36   0   0   255  2.3  usb_cdc_init
0     18   0   0    59  2.3  usb_cdc_get_discard
0     56   0   4   220  4.5  _usb_cdc_putc_fast_noflush
0     26   0   1    67  1.8  usb_cdc_putc_fast
0     16   0   1    80  3.1  usb_cdc_putc
0     96   1   4   235  4.1  send_letter_to_XBEE
0     10   0   0    69  1.6  resetI2C
0    246   2   4   897  9.2  ssp_interrupt
0     18   0   0             @const856
0     40   0   3             @PSTRINGCN_73
0     72   1   2             @PRINTF_X_73
0     10   0   0             @const862
0     42   0   3   155  4.7  bcd2bin
0    186   1   2   633  4.3  initDS1307
0    286   2  11   407  3.6  ds1307_get_date
0    228   2   9   333  3.5  ds1307_get_time
0    514   4  10  1839  7.9  readTwoBytesFromSlave
0     32   0   1             @SPRINTF
0     44   0   3             @DIV88
0    124   1   2             @PRINTF_U_908
0    246   2  11   174  3.0  MAIN

Program metrics:
    Functions               55
    Statements              1585
    Comments                4629
    Volume (V)              43619
    Difficilty (D)          247.5
    Effort to implement (E) 10795086
    Time to implement (T)   166 hours, 35 minutes
    Est Delivered Bugs (B)  16
    Cyclomatic Complexity   128
    Maintainability (MI)    131

 Segment     Used  Free
-----------  ----  ----
00000-00002     4  0  
00004-00006     4  0  
00008-000B8   178  0  
000BA-07FFE  6756  25826  



