
ROM used: 638 (8%)
          638 (8%) including unused fragments

          1 Average locations per line
          3 Average locations per statement

RAM used: 85 (23%) at main() level
          93 (25%) worst case

Stack used: 2 worst case (out of 8 total available)

Lines Stmts  %   Files
----- ----- ---  -----
  201    72  37  SlaveGSM.c
  418     0   0  C:\Program Files\PICC\devices\16F886.h
   66     0   0  Slave.h
  423   125  63  C:\Program Files\PICC\drivers\string.h
   32     0   0  C:\Program Files\PICC\drivers\stddef.h
   28     0   0  C:\Program Files\PICC\drivers\ctype.h
----- -----
 1168   197 Total

Page ROM  %  RAM   Vol Diff  Functions:
---- --- --- ---   --- ----  ----------
0     20   3   1             @delay_ms1
0     32   5   5   129  4.6  strlen
0    309  48   1   867  4.8  MAIN
0      5   1   0             @const177
0     65  10   4             @PSTRINGC7_9600_62_63
0      5   1   0             @const179
0      6   1   0             @const180
0      6   1   0             @const181
0      4   1   0             @const182
0     12   2   0             @const183
0     25   4   2             @PSTRINGR_9600_62_63
0    100  16   4   987  8.9  ssp_interrupt
 Inline        0             @cinit1

Program metrics:
    Functions               3
    Statements              197
    Comments                301
    Volume (V)              2448
    Difficulty (D)          17.1
    Effort to implement (E) 41855
    Time to implement (T)   39 minutes
    Est Delivered Bugs (B)  0
    Cyclomatic Complexity   12
    Maintainability (MI)    77

 Segment     Used  Free
-----------  ----  ----
00000-00003     4  0  
00004-00030    45  0  
00031-007FF   589  1410  
00800-00FFF     0  2048  
01000-017FF     0  2048  
01800-01FFF     0  2048  



